<?xml version="1.0" encoding="UTF-8"?>
<!-- Generated by org.testng.reporters.JUnitReportReporter -->
<testsuite hostname="ManishKumarJha" failures="0" tests="1" name="ljScripts.LoginFunct" time="13.050" errors="0" timestamp="2024-05-25T19:20:39 IST" skipped="0">
  <testcase classname="ljScripts.LoginFunct" name="loginCall" time="13.050"/>
  <system-out/>
</testsuite> <!-- ljScripts.LoginFunct -->
