<?xml version="1.0" encoding="UTF-8"?>
<!-- Generated by org.testng.reporters.JUnitReportReporter -->
<testsuite hostname="ManishKumarJha" failures="0" tests="1" name="ljScripts.LoginFunct" time="19.448" errors="0" timestamp="2024-05-26T09:19:37 IST" skipped="0">
  <testcase classname="ljScripts.LoginFunct" name="loginCall" time="19.448"/>
  <system-out/>
</testsuite> <!-- ljScripts.LoginFunct -->
