<?xml version="1.0" encoding="UTF-8"?>
<!-- Generated by org.testng.reporters.JUnitReportReporter -->
<testsuite hostname="ManishKumarJha" failures="0" tests="1" name="ljScripts.LoginFunct" time="14.065" errors="0" timestamp="2024-05-25T19:21:21 IST" skipped="0">
  <testcase classname="ljScripts.LoginFunct" name="loginCall" time="14.065"/>
</testsuite> <!-- ljScripts.LoginFunct -->
