<?xml version="1.0" encoding="UTF-8"?>
<!-- Generated by org.testng.reporters.JUnitReportReporter -->
<testsuite hostname="ManishKumarJha" failures="0" tests="1" name="ljScripts.LoginFunct" time="12.719" errors="0" timestamp="2024-05-26T09:20:27 IST" skipped="0">
  <testcase classname="ljScripts.LoginFunct" name="loginCall" time="12.719"/>
</testsuite> <!-- ljScripts.LoginFunct -->
